2023-02-13 22:02:815 INFO  HomePage :64 - Clicking on login link: [[ChromeDriver: chrome on WINDOWS (8999ede21eb6195fd37da9c09d59474a)] -> link text: Log in]
2023-02-13 22:02:936 INFO  LoginPage :48 - Getting text from: [[ChromeDriver: chrome on WINDOWS (8999ede21eb6195fd37da9c09d59474a)] -> xpath: //h1[contains(text(),'Welcome, Please Sign In!')]]
2023-02-13 22:02:285 INFO  HomePage :64 - Clicking on login link: [[ChromeDriver: chrome on WINDOWS (b28f7609b1dedfe51bc56097b1a46d83)] -> xpath: //a[@class='ico-login']]
2023-02-13 22:02:386 INFO  LoginPage :48 - Getting text from: [[ChromeDriver: chrome on WINDOWS (b28f7609b1dedfe51bc56097b1a46d83)] -> xpath: //h1[contains(text(),'Welcome, Please Sign In!')]]
2023-02-13 22:02:283 INFO  HomePage :64 - Clicking on login link: [[ChromeDriver: chrome on WINDOWS (d592d5cb0497bfb01c0abbd85903b4e7)] -> xpath: //a[@class='ico-login']]
2023-02-13 22:02:395 INFO  LoginPage :48 - Getting text from: [[ChromeDriver: chrome on WINDOWS (d592d5cb0497bfb01c0abbd85903b4e7)] -> xpath: //h1[contains(text(),'Welcome, Please Sign In!')]]
2023-02-13 22:02:548 INFO  HomePage :64 - Clicking on login link: [[ChromeDriver: chrome on WINDOWS (a2c8f81d3ce4929b21fb95f91807624f)] -> xpath: //a[@class='ico-login']]
2023-02-13 23:02:925 INFO  HomePage :64 - Clicking on login link: [[ChromeDriver: chrome on WINDOWS (51b2ba2bd7ec6fc6942d9445b49f4101)] -> xpath: //a[@class='ico-login']]
2023-02-13 23:02:33 INFO  LoginPage :48 - Getting text from: [[ChromeDriver: chrome on WINDOWS (51b2ba2bd7ec6fc6942d9445b49f4101)] -> xpath: //h1[contains(text(),'Welcome, Please Sign In!')]]
2023-02-13 23:02:117 INFO  HomePage :64 - Clicking on login link: [[ChromeDriver: chrome on WINDOWS (684315ad83b4ef556c0b2591ef274928)] -> xpath: //a[@class='ico-login']]
2023-02-13 23:02:717 INFO  LoginPage :65 - Clicking on login button: [[ChromeDriver: chrome on WINDOWS (684315ad83b4ef556c0b2591ef274928)] -> xpath: //button[text()='Log in']]
2023-02-13 23:02:664 INFO  HomePage :64 - Clicking on login link: [[ChromeDriver: chrome on WINDOWS (41a3ef97a076ff9e2db4b69341a2925b)] -> xpath: //a[@class='ico-login']]
2023-02-13 23:02:280 INFO  LoginPage :65 - Clicking on login button: [[ChromeDriver: chrome on WINDOWS (41a3ef97a076ff9e2db4b69341a2925b)] -> xpath: //button[text()='Log in']]
2023-02-13 23:02:590 INFO  HomePage :64 - Clicking on login link: [[ChromeDriver: chrome on WINDOWS (be49487c33e7b6a9c811724b2a6f7bef)] -> xpath: //a[@class='ico-login']]
2023-02-13 23:02:416 INFO  LoginPage :65 - Clicking on login button: [[ChromeDriver: chrome on WINDOWS (be49487c33e7b6a9c811724b2a6f7bef)] -> xpath: //button[text()='Log in']]
2023-02-13 23:02:492 INFO  HomePage :64 - Clicking on login link: [[ChromeDriver: chrome on WINDOWS (0cab293e3b932611f8e3eb1ba6f481ce)] -> xpath: //a[@class='ico-login']]
2023-02-13 23:02:977 INFO  LoginPage :48 - Getting text from: [[ChromeDriver: chrome on WINDOWS (0cab293e3b932611f8e3eb1ba6f481ce)] -> xpath: //h1[contains(text(),'Welcome, Please Sign In!')]]
2023-02-13 23:02:218 INFO  HomePage :64 - Clicking on login link: [[ChromeDriver: chrome on WINDOWS (6865bf590670eebd165dd526382fc64a)] -> xpath: //a[@class='ico-login']]
2023-02-13 23:02:364 INFO  LoginPage :65 - Clicking on login button: [[ChromeDriver: chrome on WINDOWS (6865bf590670eebd165dd526382fc64a)] -> xpath: //button[text()='Log in']]
2023-02-13 23:02:486 INFO  LoginPage :71 - Getting text from: [[ChromeDriver: chrome on WINDOWS (6865bf590670eebd165dd526382fc64a)] -> xpath: //div[@class='message-error validation-summary-errors']]
2023-02-13 23:02:438 INFO  HomePage :64 - Clicking on login link: [[ChromeDriver: chrome on WINDOWS (2932b9beefec4487da7b90539f712b71)] -> xpath: //a[@class='ico-login']]
2023-02-13 23:02:601 INFO  LoginPage :65 - Clicking on login button: [[ChromeDriver: chrome on WINDOWS (2932b9beefec4487da7b90539f712b71)] -> xpath: //button[text()='Log in']]
2023-02-13 23:02:726 INFO  LoginPage :71 - Getting text from: [[ChromeDriver: chrome on WINDOWS (2932b9beefec4487da7b90539f712b71)] -> xpath: //div[@class='message-error validation-summary-errors']]
2023-02-13 23:02:906 INFO  HomePage :64 - Clicking on login link: [[ChromeDriver: chrome on WINDOWS (5aabc6983ec50cf2e07fc1cc2cc808cf)] -> xpath: //a[@class='ico-login']]
2023-02-13 23:02:361 INFO  LoginPage :65 - Clicking on login button: [[ChromeDriver: chrome on WINDOWS (5aabc6983ec50cf2e07fc1cc2cc808cf)] -> xpath: //button[text()='Log in']]
2023-02-13 23:02:471 INFO  LoginPage :71 - Getting text from: [[ChromeDriver: chrome on WINDOWS (5aabc6983ec50cf2e07fc1cc2cc808cf)] -> xpath: //div[@class='message-error validation-summary-errors']]
2023-02-14 02:02:688 INFO  HomePage :64 - Clicking on login link: [[ChromeDriver: chrome on WINDOWS (db83955db25ca37cfed4f69471b99c77)] -> xpath: //a[@class='ico-login']]
2023-02-14 02:02:791 INFO  LoginPage :48 - Getting text from: [[ChromeDriver: chrome on WINDOWS (db83955db25ca37cfed4f69471b99c77)] -> xpath: //h1[contains(text(),'Welcome, Please Sign In!')]]
2023-02-14 02:02:882 INFO  HomePage :64 - Clicking on login link: [[ChromeDriver: chrome on WINDOWS (c248eaeefda7d3f83f52d8a5d06230e8)] -> xpath: //a[@class='ico-login']]
2023-02-14 02:02:06 INFO  LoginPage :65 - Clicking on login button: [[ChromeDriver: chrome on WINDOWS (c248eaeefda7d3f83f52d8a5d06230e8)] -> xpath: //button[text()='Log in']]
2023-02-14 02:02:117 INFO  LoginPage :71 - Getting text from: [[ChromeDriver: chrome on WINDOWS (c248eaeefda7d3f83f52d8a5d06230e8)] -> xpath: //div[@class='message-error validation-summary-errors']]
2023-02-14 02:02:980 INFO  HomePage :64 - Clicking on login link: [[ChromeDriver: chrome on WINDOWS (e291d7ab9319c2f8d2c915e50f308695)] -> xpath: //a[@class='ico-login']]
2023-02-14 02:02:81 INFO  LoginPage :48 - Getting text from: [[ChromeDriver: chrome on WINDOWS (e291d7ab9319c2f8d2c915e50f308695)] -> xpath: //h1[contains(text(),'Welcome, Please Sign In!')]]
2023-02-14 02:02:172 INFO  HomePage :64 - Clicking on login link: [[ChromeDriver: chrome on WINDOWS (5cdfab16d54d1016d7a8e33734cb9571)] -> xpath: //a[@class='ico-login']]
2023-02-14 02:02:22 INFO  LoginPage :65 - Clicking on login button: [[ChromeDriver: chrome on WINDOWS (5cdfab16d54d1016d7a8e33734cb9571)] -> xpath: //button[text()='Log in']]
2023-02-14 02:02:114 INFO  LoginPage :71 - Getting text from: [[ChromeDriver: chrome on WINDOWS (5cdfab16d54d1016d7a8e33734cb9571)] -> xpath: //div[@class='message-error validation-summary-errors']]
2023-02-14 02:02:215 INFO  HomePage :64 - Clicking on login link: [[ChromeDriver: chrome on WINDOWS (8a566614079bc1f4e369f113453440f6)] -> xpath: //a[@class='ico-login']]
2023-02-14 02:02:317 INFO  LoginPage :48 - Getting text from: [[ChromeDriver: chrome on WINDOWS (8a566614079bc1f4e369f113453440f6)] -> xpath: //h1[contains(text(),'Welcome, Please Sign In!')]]
2023-02-14 02:02:993 INFO  HomePage :64 - Clicking on login link: [[ChromeDriver: chrome on WINDOWS (7c8bb63b776fd4dcb5bbfa7c074025d8)] -> xpath: //a[@class='ico-login']]
2023-02-14 02:02:818 INFO  LoginPage :65 - Clicking on login button: [[ChromeDriver: chrome on WINDOWS (7c8bb63b776fd4dcb5bbfa7c074025d8)] -> xpath: //button[text()='Log in']]
2023-02-14 02:02:904 INFO  LoginPage :71 - Getting text from: [[ChromeDriver: chrome on WINDOWS (7c8bb63b776fd4dcb5bbfa7c074025d8)] -> xpath: //div[@class='message-error validation-summary-errors']]
2023-02-14 02:02:959 INFO  RegisterPage :118 - Getting text from: [[ChromeDriver: chrome on WINDOWS (2d32d0e1b32fe6efab1757f843667595)] -> xpath: //h1[text()='Register']]
2023-02-14 02:02:913 INFO  RegisterPage :118 - Getting text from: [[ChromeDriver: chrome on WINDOWS (e7f432292910a20afded8d7de675332d)] -> xpath: //h1[text()='Register']]
2023-02-14 02:02:547 INFO  RegisterPage :118 - Getting text from: [[ChromeDriver: chrome on WINDOWS (200c3b81858882c49639ace32517e0e5)] -> xpath: //h1[text()='Register']]
2023-02-14 02:02:304 INFO  RegisterPage :177 - Clicking on Register Button: [[ChromeDriver: chrome on WINDOWS (41f49fda553cc8ccbd868ee66bc9ac21)] -> id: register-button]
2023-02-14 02:02:383 INFO  RegisterPage :183 - Getting text from: [[ChromeDriver: chrome on WINDOWS (41f49fda553cc8ccbd868ee66bc9ac21)] -> id: FirstName-error]
2023-02-14 02:02:450 INFO  RegisterPage :190 - Getting text from: [[ChromeDriver: chrome on WINDOWS (41f49fda553cc8ccbd868ee66bc9ac21)] -> id: LastName-error]
2023-02-14 02:02:531 INFO  RegisterPage :197 - Getting text from: [[ChromeDriver: chrome on WINDOWS (41f49fda553cc8ccbd868ee66bc9ac21)] -> id: Email-error]
2023-02-14 02:02:578 INFO  RegisterPage :204 - Getting text from: [[ChromeDriver: chrome on WINDOWS (41f49fda553cc8ccbd868ee66bc9ac21)] -> id: Password-error]
2023-02-14 02:02:619 INFO  RegisterPage :211 - Getting text from: [[ChromeDriver: chrome on WINDOWS (41f49fda553cc8ccbd868ee66bc9ac21)] -> id: ConfirmPassword-error]
2023-02-14 03:02:993 INFO  RegisterPage :177 - Clicking on Register Button: [[ChromeDriver: chrome on WINDOWS (972f1688d7c3bd194da74f753cf71b97)] -> id: register-button]
2023-02-14 03:02:59 INFO  RegisterPage :183 - Getting text from: [[ChromeDriver: chrome on WINDOWS (972f1688d7c3bd194da74f753cf71b97)] -> id: FirstName-error]
2023-02-14 03:02:124 INFO  RegisterPage :190 - Getting text from: [[ChromeDriver: chrome on WINDOWS (972f1688d7c3bd194da74f753cf71b97)] -> id: LastName-error]
2023-02-14 03:02:188 INFO  RegisterPage :197 - Getting text from: [[ChromeDriver: chrome on WINDOWS (972f1688d7c3bd194da74f753cf71b97)] -> id: Email-error]
2023-02-14 03:02:240 INFO  RegisterPage :204 - Getting text from: [[ChromeDriver: chrome on WINDOWS (972f1688d7c3bd194da74f753cf71b97)] -> id: Password-error]
2023-02-14 03:02:293 INFO  RegisterPage :211 - Getting text from: [[ChromeDriver: chrome on WINDOWS (972f1688d7c3bd194da74f753cf71b97)] -> id: ConfirmPassword-error]
2023-02-14 03:02:537 INFO  RegisterPage :131 - Clicking on Female Radio Button: [[ChromeDriver: chrome on WINDOWS (b8995615ab1fdfd39ac0f62c1cfa416a)] -> xpath: //input[@id='gender-female']]
2023-02-14 03:02:480 INFO  RegisterPage :177 - Clicking on Register Button: [[ChromeDriver: chrome on WINDOWS (b8995615ab1fdfd39ac0f62c1cfa416a)] -> id: register-button]
2023-02-14 03:02:563 INFO  RegisterPage :218 - Getting text from: [[ChromeDriver: chrome on WINDOWS (b8995615ab1fdfd39ac0f62c1cfa416a)] -> class name: result]
2023-02-14 03:02:491 INFO  RegisterPage :131 - Clicking on Female Radio Button: [[ChromeDriver: chrome on WINDOWS (84a9058d3fb79c0bd99ff9f895562368)] -> xpath: //input[@id='gender-female']]
2023-02-14 03:02:872 INFO  RegisterPage :177 - Clicking on Register Button: [[ChromeDriver: chrome on WINDOWS (84a9058d3fb79c0bd99ff9f895562368)] -> id: register-button]
2023-02-14 03:02:951 INFO  RegisterPage :218 - Getting text from: [[ChromeDriver: chrome on WINDOWS (84a9058d3fb79c0bd99ff9f895562368)] -> class name: result]
2023-02-14 03:02:909 INFO  RegisterPage :177 - Clicking on Register Button: [[ChromeDriver: chrome on WINDOWS (ab9e5a3d8d7e3fe93c1d48c608737580)] -> id: register-button]
2023-02-14 03:02:570 INFO  RegisterPage :177 - Clicking on Register Button: [[ChromeDriver: chrome on WINDOWS (508154d5a300f3580e132d79a7a55964)] -> id: register-button]
2023-02-14 03:02:644 INFO  RegisterPage :218 - Getting text from: [[ChromeDriver: chrome on WINDOWS (508154d5a300f3580e132d79a7a55964)] -> class name: result]
2023-02-14 03:02:842 INFO  RegisterPage :177 - Clicking on Register Button: [[ChromeDriver: chrome on WINDOWS (6729d3ed03aef1e0d83544c8b50e6d44)] -> id: register-button]
2023-02-14 03:02:947 INFO  RegisterPage :218 - Getting text from: [[ChromeDriver: chrome on WINDOWS (6729d3ed03aef1e0d83544c8b50e6d44)] -> class name: result]
2023-02-14 03:02:553 INFO  HomePage :64 - Clicking on login link: [[ChromeDriver: chrome on WINDOWS (5727bad24fdf626698f8d5e22327e905)] -> xpath: //a[@class='ico-login']]
2023-02-14 03:02:629 INFO  LoginPage :48 - Getting text from: [[ChromeDriver: chrome on WINDOWS (5727bad24fdf626698f8d5e22327e905)] -> xpath: //h1[contains(text(),'Welcome, Please Sign In!')]]
2023-02-14 03:02:547 INFO  HomePage :64 - Clicking on login link: [[ChromeDriver: chrome on WINDOWS (ed0a0f8773e0f272d43e11ca162196c5)] -> xpath: //a[@class='ico-login']]
2023-02-14 03:02:437 INFO  LoginPage :65 - Clicking on login button: [[ChromeDriver: chrome on WINDOWS (ed0a0f8773e0f272d43e11ca162196c5)] -> xpath: //button[text()='Log in']]
2023-02-14 03:02:526 INFO  LoginPage :71 - Getting text from: [[ChromeDriver: chrome on WINDOWS (ed0a0f8773e0f272d43e11ca162196c5)] -> xpath: //div[@class='message-error validation-summary-errors']]
2023-02-14 03:02:821 INFO  RegisterPage :118 - Getting text from: [[ChromeDriver: chrome on WINDOWS (f07c8523a44e92046f265d0730713841)] -> xpath: //h1[text()='Register']]
2023-02-14 03:02:336 INFO  RegisterPage :177 - Clicking on Register Button: [[ChromeDriver: chrome on WINDOWS (e40ae63ad7b0764ef8c82f3dd229754e)] -> id: register-button]
2023-02-14 03:02:405 INFO  RegisterPage :183 - Getting text from: [[ChromeDriver: chrome on WINDOWS (e40ae63ad7b0764ef8c82f3dd229754e)] -> id: FirstName-error]
2023-02-14 03:02:461 INFO  RegisterPage :190 - Getting text from: [[ChromeDriver: chrome on WINDOWS (e40ae63ad7b0764ef8c82f3dd229754e)] -> id: LastName-error]
2023-02-14 03:02:505 INFO  RegisterPage :197 - Getting text from: [[ChromeDriver: chrome on WINDOWS (e40ae63ad7b0764ef8c82f3dd229754e)] -> id: Email-error]
2023-02-14 03:02:554 INFO  RegisterPage :204 - Getting text from: [[ChromeDriver: chrome on WINDOWS (e40ae63ad7b0764ef8c82f3dd229754e)] -> id: Password-error]
2023-02-14 03:02:595 INFO  RegisterPage :211 - Getting text from: [[ChromeDriver: chrome on WINDOWS (e40ae63ad7b0764ef8c82f3dd229754e)] -> id: ConfirmPassword-error]
2023-02-14 03:02:989 INFO  RegisterPage :177 - Clicking on Register Button: [[ChromeDriver: chrome on WINDOWS (89a1bf14277311746c4fb7a2d7f8703a)] -> id: register-button]
2023-02-14 03:02:48 INFO  RegisterPage :218 - Getting text from: [[ChromeDriver: chrome on WINDOWS (89a1bf14277311746c4fb7a2d7f8703a)] -> class name: result]
2023-02-14 03:02:593 INFO  RegisterPage :177 - Clicking on Register Button: [[ChromeDriver: chrome on WINDOWS (7ec89fbd13a938476aa0d34ec07bf0aa)] -> id: register-button]
2023-02-14 03:02:674 INFO  RegisterPage :218 - Getting text from: [[ChromeDriver: chrome on WINDOWS (7ec89fbd13a938476aa0d34ec07bf0aa)] -> class name: result]
2023-02-15 15:02:126 INFO  HomePage :64 - Clicking on login link: [[ChromeDriver: chrome on WINDOWS (0e48730d2be9aa7d74ce4bc15080bee6)] -> xpath: //a[@class='ico-login']]
2023-02-15 15:02:210 INFO  LoginPage :48 - Getting text from: [[ChromeDriver: chrome on WINDOWS (0e48730d2be9aa7d74ce4bc15080bee6)] -> xpath: //h1[contains(text(),'Welcome, Please Sign In!')]]
2023-02-15 15:02:647 INFO  HomePage :64 - Clicking on login link: [[ChromeDriver: chrome on WINDOWS (feaef4127a3272b0a29b2c918dc4c11f)] -> xpath: //a[@class='ico-login']]
2023-02-15 15:02:314 INFO  LoginPage :65 - Clicking on login button: [[ChromeDriver: chrome on WINDOWS (feaef4127a3272b0a29b2c918dc4c11f)] -> xpath: //button[text()='Log in']]
2023-02-15 15:02:477 INFO  LoginPage :71 - Getting text from: [[ChromeDriver: chrome on WINDOWS (feaef4127a3272b0a29b2c918dc4c11f)] -> xpath: //div[@class='message-error validation-summary-errors']]
2023-02-15 15:02:813 INFO  RegisterPage :118 - Getting text from: [[ChromeDriver: chrome on WINDOWS (77a197d1f77b318a574411c706928df5)] -> xpath: //h1[text()='Register']]
2023-02-15 15:02:797 INFO  RegisterPage :177 - Clicking on Register Button: [[ChromeDriver: chrome on WINDOWS (3cc8fa8e6fc42e6509c932a9bc838fcf)] -> id: register-button]
2023-02-15 15:02:860 INFO  RegisterPage :183 - Getting text from: [[ChromeDriver: chrome on WINDOWS (3cc8fa8e6fc42e6509c932a9bc838fcf)] -> id: FirstName-error]
2023-02-15 15:02:900 INFO  RegisterPage :190 - Getting text from: [[ChromeDriver: chrome on WINDOWS (3cc8fa8e6fc42e6509c932a9bc838fcf)] -> id: LastName-error]
2023-02-15 15:02:942 INFO  RegisterPage :197 - Getting text from: [[ChromeDriver: chrome on WINDOWS (3cc8fa8e6fc42e6509c932a9bc838fcf)] -> id: Email-error]
2023-02-15 15:02:983 INFO  RegisterPage :204 - Getting text from: [[ChromeDriver: chrome on WINDOWS (3cc8fa8e6fc42e6509c932a9bc838fcf)] -> id: Password-error]
2023-02-15 15:02:20 INFO  RegisterPage :211 - Getting text from: [[ChromeDriver: chrome on WINDOWS (3cc8fa8e6fc42e6509c932a9bc838fcf)] -> id: ConfirmPassword-error]
2023-02-15 15:02:207 INFO  RegisterPage :177 - Clicking on Register Button: [[ChromeDriver: chrome on WINDOWS (3d2603ab1ef2e08867c9d7ce6f40cda0)] -> id: register-button]
2023-02-15 15:02:258 INFO  RegisterPage :218 - Getting text from: [[ChromeDriver: chrome on WINDOWS (3d2603ab1ef2e08867c9d7ce6f40cda0)] -> class name: result]
2023-02-15 15:02:891 INFO  RegisterPage :177 - Clicking on Register Button: [[ChromeDriver: chrome on WINDOWS (ad9be5e90ed0b972c91b50d0913a3407)] -> id: register-button]
2023-02-15 15:02:00 INFO  RegisterPage :218 - Getting text from: [[ChromeDriver: chrome on WINDOWS (ad9be5e90ed0b972c91b50d0913a3407)] -> class name: result]
2023-02-15 15:02:788 INFO  HomePage :64 - Clicking on login link: [[ChromeDriver: chrome on WINDOWS (a9a567b0530e538a4b43d6c34ca0b6f5)] -> xpath: //a[@class='ico-login']]
2023-02-15 15:02:571 INFO  LoginPage :65 - Clicking on login button: [[ChromeDriver: chrome on WINDOWS (a9a567b0530e538a4b43d6c34ca0b6f5)] -> xpath: //button[text()='Log in']]
2023-02-15 15:02:661 INFO  HomePage :101 - Getting text from: [[ChromeDriver: chrome on WINDOWS (a9a567b0530e538a4b43d6c34ca0b6f5)] -> class name: ico-logout]
2023-02-15 16:02:150 INFO  HomePage :64 - Clicking on login link: [[ChromeDriver: chrome on WINDOWS (ce642948f07d1d8f3e6e446c6c720241)] -> xpath: //a[@class='ico-login']]
2023-02-15 16:02:723 INFO  LoginPage :65 - Clicking on login button: [[ChromeDriver: chrome on WINDOWS (ce642948f07d1d8f3e6e446c6c720241)] -> xpath: //button[text()='Log in']]
2023-02-15 16:02:630 INFO  HomePage :95 - Clicking on logout link: [[ChromeDriver: chrome on WINDOWS (ce642948f07d1d8f3e6e446c6c720241)] -> xpath: //a[@class='ico-login']]
2023-02-15 16:02:361 INFO  HomePage :64 - Clicking on login link: [[ChromeDriver: chrome on WINDOWS (1b71ae5dff3ffe30cbe941893f47a99a)] -> xpath: //a[@class='ico-login']]
2023-02-15 16:02:778 INFO  LoginPage :65 - Clicking on login button: [[ChromeDriver: chrome on WINDOWS (1b71ae5dff3ffe30cbe941893f47a99a)] -> xpath: //button[text()='Log in']]
2023-02-15 16:02:716 INFO  HomePage :95 - Clicking on logout link: [[ChromeDriver: chrome on WINDOWS (1b71ae5dff3ffe30cbe941893f47a99a)] -> xpath: //a[@class='ico-login']]
2023-02-15 16:02:270 INFO  HomePage :64 - Clicking on login link: [[ChromeDriver: chrome on WINDOWS (1af76fce35338cc5b64ed75b0430a45b)] -> xpath: //a[@class='ico-login']]
2023-02-15 16:02:930 INFO  LoginPage :65 - Clicking on login button: [[ChromeDriver: chrome on WINDOWS (1af76fce35338cc5b64ed75b0430a45b)] -> xpath: //button[text()='Log in']]
2023-02-15 16:02:979 INFO  HomePage :95 - Clicking on logout link: [[ChromeDriver: chrome on WINDOWS (1af76fce35338cc5b64ed75b0430a45b)] -> xpath: //a[@class='ico-login']]
2023-02-15 16:02:740 INFO  HomePage :64 - Clicking on login link: [[ChromeDriver: chrome on WINDOWS (497073027e6a84da2436624bbf890a96)] -> xpath: //a[@class='ico-login']]
2023-02-15 16:02:334 INFO  LoginPage :65 - Clicking on login button: [[ChromeDriver: chrome on WINDOWS (497073027e6a84da2436624bbf890a96)] -> xpath: //button[text()='Log in']]
2023-02-15 16:02:482 INFO  HomePage :95 - Clicking on logout link: [[ChromeDriver: chrome on WINDOWS (497073027e6a84da2436624bbf890a96)] -> xpath: //a[@class='ico-login']]
2023-02-15 16:02:330 INFO  HomePage :64 - Clicking on login link: [[ChromeDriver: chrome on WINDOWS (092e48377e2366623b51f29f49c66fdb)] -> xpath: //a[@class='ico-login']]
2023-02-15 16:02:956 INFO  LoginPage :65 - Clicking on login button: [[ChromeDriver: chrome on WINDOWS (092e48377e2366623b51f29f49c66fdb)] -> xpath: //button[text()='Log in']]
2023-02-15 16:02:939 INFO  HomePage :93 - Clicking on logout link: [[ChromeDriver: chrome on WINDOWS (092e48377e2366623b51f29f49c66fdb)] -> xpath: //a[@class='ico-login']]
2023-02-15 16:02:81 INFO  HomePage :64 - Clicking on login link: [[ChromeDriver: chrome on WINDOWS (239b7daf32e0351275420dee93e933e9)] -> xpath: //a[@class='ico-login']]
2023-02-15 16:02:675 INFO  LoginPage :65 - Clicking on login button: [[ChromeDriver: chrome on WINDOWS (239b7daf32e0351275420dee93e933e9)] -> xpath: //button[text()='Log in']]
2023-02-15 16:02:585 INFO  HomePage :93 - Clicking on logout link: [[ChromeDriver: chrome on WINDOWS (239b7daf32e0351275420dee93e933e9)] -> xpath: //a[@class='ico-login']]
2023-02-15 16:02:980 INFO  HomePage :64 - Clicking on login link: [[ChromeDriver: chrome on WINDOWS (5b259343e4fe48a02b5a70e6e6c65500)] -> xpath: //a[@class='ico-login']]
2023-02-15 16:02:332 INFO  LoginPage :65 - Clicking on login button: [[ChromeDriver: chrome on WINDOWS (5b259343e4fe48a02b5a70e6e6c65500)] -> xpath: //button[text()='Log in']]
2023-02-15 16:02:246 INFO  HomePage :93 - Clicking on logout link: [[ChromeDriver: chrome on WINDOWS (5b259343e4fe48a02b5a70e6e6c65500)] -> xpath: //a[@class='ico-login']]
2023-02-15 18:02:299 INFO  ComputerPage :43 - Getting text from: [[ChromeDriver: chrome on WINDOWS (1ec2790e12ed47a97009a9cac9dbd70c)] -> xpath: //h1[text()='Computers']]
2023-02-15 18:02:646 INFO  ComputerPage :50 - Clicking on Desktops link: [[ChromeDriver: chrome on WINDOWS (6a881ccce9f88b686c5e1c9e6feaaeec)] -> xpath: //a[text()=' Desktops ']]
2023-02-15 18:02:733 INFO  DesktopsPage :48 - Getting text from: [[ChromeDriver: chrome on WINDOWS (6a881ccce9f88b686c5e1c9e6feaaeec)] -> xpath: //h1[text()='Desktops']]
2023-02-16 10:02:178 INFO  ComputerPage :50 - Clicking on Desktops link: [[ChromeDriver: chrome on WINDOWS (1b4f4d5bda7291157b75a748045f97fa)] -> xpath: //a[text()=' Desktops ']]
2023-02-16 10:02:477 INFO  DesktopsPage :55 - Clicking on Build Your Own Computer link: [[ChromeDriver: chrome on WINDOWS (1b4f4d5bda7291157b75a748045f97fa)] -> xpath: //h2//a[text()='Build your own computer']]
2023-02-16 10:02:777 INFO  BuildYourOwnComputerPage :136 - Clicking on Add to Cart Button: [[ChromeDriver: chrome on WINDOWS (1b4f4d5bda7291157b75a748045f97fa)] -> xpath: //button[@id='add-to-cart-button-1']]
2023-02-16 10:02:570 INFO  BuildYourOwnComputerPage :142 - Getting text from: [[ChromeDriver: chrome on WINDOWS (1b4f4d5bda7291157b75a748045f97fa)] -> xpath: //p[@class='content']]
2023-02-16 10:02:894 INFO  ComputerPage :50 - Clicking on Desktops link: [[ChromeDriver: chrome on WINDOWS (bbc246869512e69cfcf559fe6c5775e7)] -> xpath: //a[text()=' Desktops ']]
2023-02-16 10:02:756 INFO  DesktopsPage :55 - Clicking on Build Your Own Computer link: [[ChromeDriver: chrome on WINDOWS (bbc246869512e69cfcf559fe6c5775e7)] -> xpath: //h2//a[text()='Build your own computer']]
2023-02-16 10:02:981 INFO  BuildYourOwnComputerPage :136 - Clicking on Add to Cart Button: [[ChromeDriver: chrome on WINDOWS (bbc246869512e69cfcf559fe6c5775e7)] -> xpath: //button[@id='add-to-cart-button-1']]
2023-02-16 10:02:671 INFO  BuildYourOwnComputerPage :142 - Getting text from: [[ChromeDriver: chrome on WINDOWS (bbc246869512e69cfcf559fe6c5775e7)] -> xpath: //p[@class='content']]
2023-02-16 10:02:736 INFO  ComputerPage :50 - Clicking on Desktops link: [[ChromeDriver: chrome on WINDOWS (b294caf06c910d50e3398e24317ce97e)] -> xpath: //a[text()=' Desktops ']]
2023-02-16 10:02:944 INFO  DesktopsPage :55 - Clicking on Build Your Own Computer link: [[ChromeDriver: chrome on WINDOWS (b294caf06c910d50e3398e24317ce97e)] -> xpath: //h2//a[text()='Build your own computer']]
2023-02-16 10:02:185 INFO  BuildYourOwnComputerPage :136 - Clicking on Add to Cart Button: [[ChromeDriver: chrome on WINDOWS (b294caf06c910d50e3398e24317ce97e)] -> xpath: //button[@id='add-to-cart-button-1']]
2023-02-16 10:02:913 INFO  BuildYourOwnComputerPage :142 - Getting text from: [[ChromeDriver: chrome on WINDOWS (b294caf06c910d50e3398e24317ce97e)] -> xpath: //p[@class='content']]
2023-02-16 10:02:481 INFO  ComputerPage :50 - Clicking on Desktops link: [[ChromeDriver: chrome on WINDOWS (5ced28d42631429cebe9baa2fa6d7dc1)] -> xpath: //a[text()=' Desktops ']]
2023-02-16 10:02:311 INFO  DesktopsPage :55 - Clicking on Build Your Own Computer link: [[ChromeDriver: chrome on WINDOWS (5ced28d42631429cebe9baa2fa6d7dc1)] -> xpath: //h2//a[text()='Build your own computer']]
2023-02-16 10:02:567 INFO  BuildYourOwnComputerPage :136 - Clicking on Add to Cart Button: [[ChromeDriver: chrome on WINDOWS (5ced28d42631429cebe9baa2fa6d7dc1)] -> xpath: //button[@id='add-to-cart-button-1']]
2023-02-16 10:02:281 INFO  BuildYourOwnComputerPage :142 - Getting text from: [[ChromeDriver: chrome on WINDOWS (5ced28d42631429cebe9baa2fa6d7dc1)] -> xpath: //p[@class='content']]
2023-02-16 10:02:805 INFO  ComputerPage :50 - Clicking on Desktops link: [[ChromeDriver: chrome on WINDOWS (0fc35e8ea716d54724caba7cc429af31)] -> xpath: //a[text()=' Desktops ']]
2023-02-16 10:02:978 INFO  DesktopsPage :55 - Clicking on Build Your Own Computer link: [[ChromeDriver: chrome on WINDOWS (0fc35e8ea716d54724caba7cc429af31)] -> xpath: //h2//a[text()='Build your own computer']]
2023-02-16 10:02:232 INFO  BuildYourOwnComputerPage :136 - Clicking on Add to Cart Button: [[ChromeDriver: chrome on WINDOWS (0fc35e8ea716d54724caba7cc429af31)] -> xpath: //button[@id='add-to-cart-button-1']]
2023-02-16 10:02:927 INFO  BuildYourOwnComputerPage :142 - Getting text from: [[ChromeDriver: chrome on WINDOWS (0fc35e8ea716d54724caba7cc429af31)] -> xpath: //p[@class='content']]
2023-02-16 10:02:113 INFO  ComputerPage :50 - Clicking on Desktops link: [[ChromeDriver: chrome on WINDOWS (296db03ba636933d2f291d3f9391ce1a)] -> xpath: //a[text()=' Desktops ']]
2023-02-16 10:02:689 INFO  DesktopsPage :55 - Clicking on Build Your Own Computer link: [[ChromeDriver: chrome on WINDOWS (296db03ba636933d2f291d3f9391ce1a)] -> xpath: //h2//a[text()='Build your own computer']]
2023-02-16 10:02:70 INFO  BuildYourOwnComputerPage :136 - Clicking on Add to Cart Button: [[ChromeDriver: chrome on WINDOWS (296db03ba636933d2f291d3f9391ce1a)] -> xpath: //button[@id='add-to-cart-button-1']]
2023-02-16 10:02:379 INFO  BuildYourOwnComputerPage :142 - Getting text from: [[ChromeDriver: chrome on WINDOWS (296db03ba636933d2f291d3f9391ce1a)] -> xpath: //p[@class='content']]
2023-02-16 10:02:174 INFO  ComputerPage :50 - Clicking on Desktops link: [[ChromeDriver: chrome on WINDOWS (c3d0664d19c93dd8c46d21743e25d561)] -> xpath: //a[text()=' Desktops ']]
2023-02-16 10:02:991 INFO  DesktopsPage :55 - Clicking on Build Your Own Computer link: [[ChromeDriver: chrome on WINDOWS (c3d0664d19c93dd8c46d21743e25d561)] -> xpath: //h2//a[text()='Build your own computer']]
2023-02-16 10:02:246 INFO  BuildYourOwnComputerPage :134 - Clicking on Add to Cart Button: [[ChromeDriver: chrome on WINDOWS (c3d0664d19c93dd8c46d21743e25d561)] -> xpath: //button[@id='add-to-cart-button-1']]
2023-02-16 10:02:505 INFO  BuildYourOwnComputerPage :140 - Getting text from: [[ChromeDriver: chrome on WINDOWS (c3d0664d19c93dd8c46d21743e25d561)] -> xpath: //p[@class='content']]
2023-02-16 10:02:328 INFO  ComputerPage :50 - Clicking on Desktops link: [[ChromeDriver: chrome on WINDOWS (9f16460290b0365d663fd10143881705)] -> xpath: //a[text()=' Desktops ']]
2023-02-16 10:02:580 INFO  DesktopsPage :55 - Clicking on Build Your Own Computer link: [[ChromeDriver: chrome on WINDOWS (9f16460290b0365d663fd10143881705)] -> xpath: //h2//a[text()='Build your own computer']]
2023-02-16 10:02:919 INFO  BuildYourOwnComputerPage :134 - Clicking on Add to Cart Button: [[ChromeDriver: chrome on WINDOWS (9f16460290b0365d663fd10143881705)] -> xpath: //button[@id='add-to-cart-button-1']]
2023-02-16 10:02:601 INFO  BuildYourOwnComputerPage :140 - Getting text from: [[ChromeDriver: chrome on WINDOWS (9f16460290b0365d663fd10143881705)] -> xpath: //p[@class='content']]
2023-02-16 10:02:125 INFO  ComputerPage :50 - Clicking on Desktops link: [[ChromeDriver: chrome on WINDOWS (90777e288a268fc76e1764d81728a381)] -> xpath: //a[text()=' Desktops ']]
2023-02-16 10:02:396 INFO  DesktopsPage :55 - Clicking on Build Your Own Computer link: [[ChromeDriver: chrome on WINDOWS (90777e288a268fc76e1764d81728a381)] -> xpath: //h2//a[text()='Build your own computer']]
2023-02-16 10:02:705 INFO  BuildYourOwnComputerPage :134 - Clicking on Add to Cart Button: [[ChromeDriver: chrome on WINDOWS (90777e288a268fc76e1764d81728a381)] -> xpath: //button[@id='add-to-cart-button-1']]
2023-02-16 10:02:383 INFO  BuildYourOwnComputerPage :140 - Getting text from: [[ChromeDriver: chrome on WINDOWS (90777e288a268fc76e1764d81728a381)] -> xpath: //p[@class='content']]
2023-02-16 10:02:555 INFO  ComputerPage :50 - Clicking on Desktops link: [[ChromeDriver: chrome on WINDOWS (a53198779a7523c211dc9ea90d0a5c68)] -> xpath: //a[text()=' Desktops ']]
2023-02-16 10:02:601 INFO  DesktopsPage :55 - Clicking on Build Your Own Computer link: [[ChromeDriver: chrome on WINDOWS (a53198779a7523c211dc9ea90d0a5c68)] -> xpath: //h2//a[text()='Build your own computer']]
2023-02-16 10:02:889 INFO  BuildYourOwnComputerPage :134 - Clicking on Add to Cart Button: [[ChromeDriver: chrome on WINDOWS (a53198779a7523c211dc9ea90d0a5c68)] -> xpath: //button[@id='add-to-cart-button-1']]
2023-02-16 10:02:557 INFO  BuildYourOwnComputerPage :140 - Getting text from: [[ChromeDriver: chrome on WINDOWS (a53198779a7523c211dc9ea90d0a5c68)] -> xpath: //p[@class='content']]
2023-02-16 10:02:689 INFO  ComputerPage :50 - Clicking on Desktops link: [[ChromeDriver: chrome on WINDOWS (f1ec48ffdfb47eb0fd95dfc67ac83b82)] -> xpath: //a[text()=' Desktops ']]
2023-02-16 10:02:155 INFO  DesktopsPage :55 - Clicking on Build Your Own Computer link: [[ChromeDriver: chrome on WINDOWS (f1ec48ffdfb47eb0fd95dfc67ac83b82)] -> xpath: //h2//a[text()='Build your own computer']]
2023-02-16 10:02:510 INFO  BuildYourOwnComputerPage :134 - Clicking on Add to Cart Button: [[ChromeDriver: chrome on WINDOWS (f1ec48ffdfb47eb0fd95dfc67ac83b82)] -> xpath: //button[@id='add-to-cart-button-1']]
2023-02-16 10:02:558 INFO  BuildYourOwnComputerPage :140 - Getting text from: [[ChromeDriver: chrome on WINDOWS (f1ec48ffdfb47eb0fd95dfc67ac83b82)] -> xpath: //p[@class='content']]
2023-02-16 10:02:04 INFO  ComputerPage :50 - Clicking on Desktops link: [[ChromeDriver: chrome on WINDOWS (393b55de030ee039a01fcd32d67e8c55)] -> xpath: //a[text()=' Desktops ']]
2023-02-16 10:02:917 INFO  DesktopsPage :55 - Clicking on Build Your Own Computer link: [[ChromeDriver: chrome on WINDOWS (393b55de030ee039a01fcd32d67e8c55)] -> xpath: //h2//a[text()='Build your own computer']]
2023-02-16 10:02:176 INFO  BuildYourOwnComputerPage :134 - Clicking on Add to Cart Button: [[ChromeDriver: chrome on WINDOWS (393b55de030ee039a01fcd32d67e8c55)] -> xpath: //button[@id='add-to-cart-button-1']]
2023-02-16 10:02:407 INFO  BuildYourOwnComputerPage :140 - Getting text from: [[ChromeDriver: chrome on WINDOWS (393b55de030ee039a01fcd32d67e8c55)] -> xpath: //p[@class='content']]
2023-02-16 10:02:690 INFO  ComputerPage :50 - Clicking on Desktops link: [[ChromeDriver: chrome on WINDOWS (2053dc1dffb6a8a40ab9adf4ff4183df)] -> xpath: //a[text()=' Desktops ']]
2023-02-16 10:02:556 INFO  DesktopsPage :55 - Clicking on Build Your Own Computer link: [[ChromeDriver: chrome on WINDOWS (2053dc1dffb6a8a40ab9adf4ff4183df)] -> xpath: //h2//a[text()='Build your own computer']]
2023-02-16 10:02:879 INFO  BuildYourOwnComputerPage :134 - Clicking on Add to Cart Button: [[ChromeDriver: chrome on WINDOWS (2053dc1dffb6a8a40ab9adf4ff4183df)] -> xpath: //button[@id='add-to-cart-button-1']]
2023-02-16 10:02:156 INFO  BuildYourOwnComputerPage :140 - Getting text from: [[ChromeDriver: chrome on WINDOWS (2053dc1dffb6a8a40ab9adf4ff4183df)] -> xpath: //p[@class='content']]
2023-02-16 10:02:582 INFO  ComputerPage :50 - Clicking on Desktops link: [[ChromeDriver: chrome on WINDOWS (30d22d01ee8bae9f7f15ea8b1dd247d6)] -> xpath: //a[text()=' Desktops ']]
2023-02-16 10:02:416 INFO  DesktopsPage :55 - Clicking on Build Your Own Computer link: [[ChromeDriver: chrome on WINDOWS (30d22d01ee8bae9f7f15ea8b1dd247d6)] -> xpath: //h2//a[text()='Build your own computer']]
2023-02-16 10:02:698 INFO  BuildYourOwnComputerPage :134 - Clicking on Add to Cart Button: [[ChromeDriver: chrome on WINDOWS (30d22d01ee8bae9f7f15ea8b1dd247d6)] -> xpath: //button[@id='add-to-cart-button-1']]
2023-02-16 10:02:372 INFO  BuildYourOwnComputerPage :140 - Getting text from: [[ChromeDriver: chrome on WINDOWS (30d22d01ee8bae9f7f15ea8b1dd247d6)] -> xpath: //p[@class='content']]
2023-02-16 10:02:686 INFO  ComputerPage :50 - Clicking on Desktops link: [[ChromeDriver: chrome on WINDOWS (0105032d574f7a4a61979185c6b940b1)] -> xpath: //a[text()=' Desktops ']]
2023-02-16 10:02:582 INFO  DesktopsPage :55 - Clicking on Build Your Own Computer link: [[ChromeDriver: chrome on WINDOWS (0105032d574f7a4a61979185c6b940b1)] -> xpath: //h2//a[text()='Build your own computer']]
2023-02-16 10:02:832 INFO  BuildYourOwnComputerPage :134 - Clicking on Add to Cart Button: [[ChromeDriver: chrome on WINDOWS (0105032d574f7a4a61979185c6b940b1)] -> xpath: //button[@id='add-to-cart-button-1']]
2023-02-16 10:02:616 INFO  BuildYourOwnComputerPage :140 - Getting text from: [[ChromeDriver: chrome on WINDOWS (0105032d574f7a4a61979185c6b940b1)] -> xpath: //p[@class='content']]
2023-02-16 11:02:80 INFO  ComputerPage :50 - Clicking on Desktops link: [[ChromeDriver: chrome on WINDOWS (4b8c7d21de37e711f7412a15b6d70683)] -> xpath: //a[text()=' Desktops ']]
2023-02-16 11:02:732 INFO  DesktopsPage :55 - Clicking on Build Your Own Computer link: [[ChromeDriver: chrome on WINDOWS (4b8c7d21de37e711f7412a15b6d70683)] -> xpath: //h2//a[text()='Build your own computer']]
2023-02-16 11:02:05 INFO  BuildYourOwnComputerPage :142 - Clicking on Add to Cart Button: [[ChromeDriver: chrome on WINDOWS (4b8c7d21de37e711f7412a15b6d70683)] -> xpath: //button[@id='add-to-cart-button-1']]
2023-02-16 11:02:865 INFO  BuildYourOwnComputerPage :148 - Getting text from: [[ChromeDriver: chrome on WINDOWS (4b8c7d21de37e711f7412a15b6d70683)] -> xpath: //p[@class='content']]
2023-02-16 11:02:60 INFO  ComputerPage :50 - Clicking on Desktops link: [[ChromeDriver: chrome on WINDOWS (ed4bd92fbd9a75358ab10d3a6508c10c)] -> xpath: //a[text()=' Desktops ']]
2023-02-16 11:02:121 INFO  DesktopsPage :55 - Clicking on Build Your Own Computer link: [[ChromeDriver: chrome on WINDOWS (ed4bd92fbd9a75358ab10d3a6508c10c)] -> xpath: //h2//a[text()='Build your own computer']]
2023-02-16 11:02:401 INFO  BuildYourOwnComputerPage :142 - Clicking on Add to Cart Button: [[ChromeDriver: chrome on WINDOWS (ed4bd92fbd9a75358ab10d3a6508c10c)] -> xpath: //button[@id='add-to-cart-button-1']]
2023-02-16 11:02:165 INFO  BuildYourOwnComputerPage :148 - Getting text from: [[ChromeDriver: chrome on WINDOWS (ed4bd92fbd9a75358ab10d3a6508c10c)] -> xpath: //p[@class='content']]
2023-02-16 11:02:546 INFO  ComputerPage :50 - Clicking on Desktops link: [[ChromeDriver: chrome on WINDOWS (ad488cd5344479e372b5e8d4b3ab29a1)] -> xpath: //a[text()=' Desktops ']]
2023-02-16 11:02:830 INFO  DesktopsPage :55 - Clicking on Build Your Own Computer link: [[ChromeDriver: chrome on WINDOWS (ad488cd5344479e372b5e8d4b3ab29a1)] -> xpath: //h2//a[text()='Build your own computer']]
2023-02-16 11:02:99 INFO  BuildYourOwnComputerPage :142 - Clicking on Add to Cart Button: [[ChromeDriver: chrome on WINDOWS (ad488cd5344479e372b5e8d4b3ab29a1)] -> xpath: //button[@id='add-to-cart-button-1']]
2023-02-16 11:02:856 INFO  BuildYourOwnComputerPage :148 - Getting text from: [[ChromeDriver: chrome on WINDOWS (ad488cd5344479e372b5e8d4b3ab29a1)] -> xpath: //p[@class='content']]
2023-02-16 11:02:746 INFO  ComputerPage :43 - Getting text from: [[ChromeDriver: chrome on WINDOWS (5f1afe600625b6f89dc31f3e3c100769)] -> xpath: //h1[text()='Computers']]
2023-02-16 11:02:465 INFO  ComputerPage :50 - Clicking on Desktops link: [[ChromeDriver: chrome on WINDOWS (0ce3c6c043f23c46e9a8bc94829244c4)] -> xpath: //a[text()=' Desktops ']]
2023-02-16 11:02:492 INFO  DesktopsPage :48 - Getting text from: [[ChromeDriver: chrome on WINDOWS (0ce3c6c043f23c46e9a8bc94829244c4)] -> xpath: //h1[text()='Desktops']]
2023-02-16 11:02:660 INFO  ComputerPage :50 - Clicking on Desktops link: [[ChromeDriver: chrome on WINDOWS (8671debd421faf78343f5d74604a20b3)] -> xpath: //a[text()=' Desktops ']]
2023-02-16 11:02:453 INFO  DesktopsPage :55 - Clicking on Build Your Own Computer link: [[ChromeDriver: chrome on WINDOWS (8671debd421faf78343f5d74604a20b3)] -> xpath: //h2//a[text()='Build your own computer']]
2023-02-16 11:02:729 INFO  BuildYourOwnComputerPage :142 - Clicking on Add to Cart Button: [[ChromeDriver: chrome on WINDOWS (8671debd421faf78343f5d74604a20b3)] -> xpath: //button[@id='add-to-cart-button-1']]
2023-02-16 11:02:12 INFO  BuildYourOwnComputerPage :148 - Getting text from: [[ChromeDriver: chrome on WINDOWS (8671debd421faf78343f5d74604a20b3)] -> xpath: //p[@class='content']]
2023-02-16 11:02:931 INFO  ComputerPage :50 - Clicking on Desktops link: [[ChromeDriver: chrome on WINDOWS (36252c560233a147f92e6994cace2861)] -> xpath: //a[text()=' Desktops ']]
2023-02-16 11:02:781 INFO  DesktopsPage :55 - Clicking on Build Your Own Computer link: [[ChromeDriver: chrome on WINDOWS (36252c560233a147f92e6994cace2861)] -> xpath: //h2//a[text()='Build your own computer']]
2023-02-16 11:02:62 INFO  BuildYourOwnComputerPage :142 - Clicking on Add to Cart Button: [[ChromeDriver: chrome on WINDOWS (36252c560233a147f92e6994cace2861)] -> xpath: //button[@id='add-to-cart-button-1']]
2023-02-16 11:02:742 INFO  BuildYourOwnComputerPage :148 - Getting text from: [[ChromeDriver: chrome on WINDOWS (36252c560233a147f92e6994cace2861)] -> xpath: //p[@class='content']]
2023-02-16 11:02:917 INFO  ComputerPage :50 - Clicking on Desktops link: [[ChromeDriver: chrome on WINDOWS (0ccf3cffd04ce6d244408764cb5586ab)] -> xpath: //a[text()=' Desktops ']]
2023-02-16 11:02:699 INFO  DesktopsPage :55 - Clicking on Build Your Own Computer link: [[ChromeDriver: chrome on WINDOWS (0ccf3cffd04ce6d244408764cb5586ab)] -> xpath: //h2//a[text()='Build your own computer']]
2023-02-16 11:02:923 INFO  BuildYourOwnComputerPage :142 - Clicking on Add to Cart Button: [[ChromeDriver: chrome on WINDOWS (0ccf3cffd04ce6d244408764cb5586ab)] -> xpath: //button[@id='add-to-cart-button-1']]
2023-02-16 11:02:674 INFO  BuildYourOwnComputerPage :148 - Getting text from: [[ChromeDriver: chrome on WINDOWS (0ccf3cffd04ce6d244408764cb5586ab)] -> xpath: //p[@class='content']]
2023-02-16 11:02:794 INFO  HomePage :64 - Clicking on login link: [[ChromeDriver: chrome on WINDOWS (557308e955515f54f652aabfe2f86797)] -> xpath: //a[@class='ico-login']]
2023-02-16 11:02:826 INFO  LoginPage :48 - Getting text from: [[ChromeDriver: chrome on WINDOWS (557308e955515f54f652aabfe2f86797)] -> xpath: //h1[contains(text(),'Welcome, Please Sign In!')]]
2023-02-16 11:02:826 INFO  HomePage :64 - Clicking on login link: [[ChromeDriver: chrome on WINDOWS (3a8795dd96c199df7c2499a160870c40)] -> xpath: //a[@class='ico-login']]
2023-02-16 11:02:471 INFO  LoginPage :65 - Clicking on login button: [[ChromeDriver: chrome on WINDOWS (3a8795dd96c199df7c2499a160870c40)] -> xpath: //button[text()='Log in']]
2023-02-16 11:02:507 INFO  LoginPage :71 - Getting text from: [[ChromeDriver: chrome on WINDOWS (3a8795dd96c199df7c2499a160870c40)] -> xpath: //div[@class='message-error validation-summary-errors']]
2023-02-16 11:02:672 INFO  HomePage :64 - Clicking on login link: [[ChromeDriver: chrome on WINDOWS (f9d6beda4212c75caf623b728a220d92)] -> xpath: //a[@class='ico-login']]
2023-02-16 11:02:268 INFO  LoginPage :65 - Clicking on login button: [[ChromeDriver: chrome on WINDOWS (f9d6beda4212c75caf623b728a220d92)] -> xpath: //button[text()='Log in']]
2023-02-16 11:02:632 INFO  HomePage :64 - Clicking on login link: [[ChromeDriver: chrome on WINDOWS (629df44f241084c92410903b0f0dc519)] -> xpath: //a[@class='ico-login']]
2023-02-16 11:02:00 INFO  RegisterPage :118 - Getting text from: [[ChromeDriver: chrome on WINDOWS (7aae24f54f6be28e3e97a516bd839aa5)] -> xpath: //h1[text()='Register']]
2023-02-16 11:02:112 INFO  RegisterPage :118 - Getting text from: [[ChromeDriver: chrome on WINDOWS (0c7fdf42df35dcd8e2a040eef49400f6)] -> xpath: //h1[text()='Register']]
2023-02-16 11:02:819 INFO  RegisterPage :177 - Clicking on Register Button: [[ChromeDriver: chrome on WINDOWS (228042deea2b7043cb3a3b6427fdc813)] -> id: register-button]
2023-02-16 11:02:857 INFO  RegisterPage :183 - Getting text from: [[ChromeDriver: chrome on WINDOWS (228042deea2b7043cb3a3b6427fdc813)] -> id: FirstName-error]
2023-02-16 11:02:883 INFO  RegisterPage :190 - Getting text from: [[ChromeDriver: chrome on WINDOWS (228042deea2b7043cb3a3b6427fdc813)] -> id: LastName-error]
2023-02-16 11:02:908 INFO  RegisterPage :197 - Getting text from: [[ChromeDriver: chrome on WINDOWS (228042deea2b7043cb3a3b6427fdc813)] -> id: Email-error]
2023-02-16 11:02:932 INFO  RegisterPage :204 - Getting text from: [[ChromeDriver: chrome on WINDOWS (228042deea2b7043cb3a3b6427fdc813)] -> id: Password-error]
2023-02-16 11:02:957 INFO  RegisterPage :211 - Getting text from: [[ChromeDriver: chrome on WINDOWS (228042deea2b7043cb3a3b6427fdc813)] -> id: ConfirmPassword-error]
2023-02-16 11:02:250 INFO  RegisterPage :177 - Clicking on Register Button: [[ChromeDriver: chrome on WINDOWS (e888633242bea9bfbc193cba078e34e2)] -> id: register-button]
2023-02-16 11:02:278 INFO  RegisterPage :218 - Getting text from: [[ChromeDriver: chrome on WINDOWS (e888633242bea9bfbc193cba078e34e2)] -> class name: result]
2023-02-16 11:02:580 INFO  RegisterPage :177 - Clicking on Register Button: [[ChromeDriver: chrome on WINDOWS (a14c5e336f06bc43c15c6b635b56585c)] -> id: register-button]
2023-02-16 11:02:612 INFO  RegisterPage :218 - Getting text from: [[ChromeDriver: chrome on WINDOWS (a14c5e336f06bc43c15c6b635b56585c)] -> class name: result]
2023-02-16 11:02:162 INFO  HomePage :64 - Clicking on login link: [[ChromeDriver: chrome on WINDOWS (881cb8786b7d49ab22a4692491487f8c)] -> xpath: //a[@class='ico-login']]
2023-02-16 11:02:198 INFO  LoginPage :48 - Getting text from: [[ChromeDriver: chrome on WINDOWS (881cb8786b7d49ab22a4692491487f8c)] -> xpath: //h1[contains(text(),'Welcome, Please Sign In!')]]
2023-02-16 11:02:586 INFO  HomePage :64 - Clicking on login link: [[ChromeDriver: chrome on WINDOWS (aa63a4c305583486c12d5a28e3069cd6)] -> xpath: //a[@class='ico-login']]
2023-02-16 11:02:175 INFO  LoginPage :65 - Clicking on login button: [[ChromeDriver: chrome on WINDOWS (aa63a4c305583486c12d5a28e3069cd6)] -> xpath: //button[text()='Log in']]
2023-02-16 11:02:230 INFO  LoginPage :71 - Getting text from: [[ChromeDriver: chrome on WINDOWS (aa63a4c305583486c12d5a28e3069cd6)] -> xpath: //div[@class='message-error validation-summary-errors']]
2023-02-16 11:02:359 INFO  HomePage :64 - Clicking on login link: [[ChromeDriver: chrome on WINDOWS (9ba48fc11218e7ad1105012bb0acca74)] -> xpath: //a[@class='ico-login']]
2023-02-16 11:02:176 INFO  LoginPage :65 - Clicking on login button: [[ChromeDriver: chrome on WINDOWS (9ba48fc11218e7ad1105012bb0acca74)] -> xpath: //button[text()='Log in']]
2023-02-16 11:02:212 INFO  HomePage :99 - Getting text from: [[ChromeDriver: chrome on WINDOWS (9ba48fc11218e7ad1105012bb0acca74)] -> class name: ico-logout]
2023-02-16 11:02:273 INFO  HomePage :64 - Clicking on login link: [[ChromeDriver: chrome on WINDOWS (1ae5ce6bb957f012009ef0f7e3f706e9)] -> xpath: //a[@class='ico-login']]
2023-02-16 11:02:99 INFO  LoginPage :65 - Clicking on login button: [[ChromeDriver: chrome on WINDOWS (1ae5ce6bb957f012009ef0f7e3f706e9)] -> xpath: //button[text()='Log in']]
2023-02-16 11:02:769 INFO  HomePage :93 - Clicking on logout link: [[ChromeDriver: chrome on WINDOWS (1ae5ce6bb957f012009ef0f7e3f706e9)] -> xpath: //a[@class='ico-login']]
2023-02-16 11:02:751 INFO  ComputerPage :43 - Getting text from: [[ChromeDriver: chrome on WINDOWS (aefe459f1a941b6e59b29fa7891f44dc)] -> xpath: //h1[text()='Computers']]
2023-02-16 11:02:494 INFO  ComputerPage :50 - Clicking on Desktops link: [[ChromeDriver: chrome on WINDOWS (81488d358a82813f3958bf7e055435c4)] -> xpath: //a[text()=' Desktops ']]
2023-02-16 11:02:534 INFO  DesktopsPage :48 - Getting text from: [[ChromeDriver: chrome on WINDOWS (81488d358a82813f3958bf7e055435c4)] -> xpath: //h1[text()='Desktops']]
2023-02-16 11:02:115 INFO  ComputerPage :50 - Clicking on Desktops link: [[ChromeDriver: chrome on WINDOWS (2b687d593978fd659316a13b450fd7db)] -> xpath: //a[text()=' Desktops ']]
2023-02-16 11:02:964 INFO  DesktopsPage :55 - Clicking on Build Your Own Computer link: [[ChromeDriver: chrome on WINDOWS (2b687d593978fd659316a13b450fd7db)] -> xpath: //h2//a[text()='Build your own computer']]
2023-02-16 11:02:221 INFO  BuildYourOwnComputerPage :142 - Clicking on Add to Cart Button: [[ChromeDriver: chrome on WINDOWS (2b687d593978fd659316a13b450fd7db)] -> xpath: //button[@id='add-to-cart-button-1']]
2023-02-16 11:02:933 INFO  BuildYourOwnComputerPage :148 - Getting text from: [[ChromeDriver: chrome on WINDOWS (2b687d593978fd659316a13b450fd7db)] -> xpath: //p[@class='content']]
2023-02-16 11:02:105 INFO  ComputerPage :50 - Clicking on Desktops link: [[ChromeDriver: chrome on WINDOWS (9cb859ca9d63e04a90cfa940a5db62f1)] -> xpath: //a[text()=' Desktops ']]
2023-02-16 11:02:45 INFO  DesktopsPage :55 - Clicking on Build Your Own Computer link: [[ChromeDriver: chrome on WINDOWS (9cb859ca9d63e04a90cfa940a5db62f1)] -> xpath: //h2//a[text()='Build your own computer']]
2023-02-16 11:02:266 INFO  BuildYourOwnComputerPage :142 - Clicking on Add to Cart Button: [[ChromeDriver: chrome on WINDOWS (9cb859ca9d63e04a90cfa940a5db62f1)] -> xpath: //button[@id='add-to-cart-button-1']]
2023-02-16 11:02:938 INFO  BuildYourOwnComputerPage :148 - Getting text from: [[ChromeDriver: chrome on WINDOWS (9cb859ca9d63e04a90cfa940a5db62f1)] -> xpath: //p[@class='content']]
2023-02-16 11:02:513 INFO  ComputerPage :50 - Clicking on Desktops link: [[ChromeDriver: chrome on WINDOWS (6f1e5dea0604c5953378152a2af94627)] -> xpath: //a[text()=' Desktops ']]
2023-02-16 11:02:549 INFO  DesktopsPage :55 - Clicking on Build Your Own Computer link: [[ChromeDriver: chrome on WINDOWS (6f1e5dea0604c5953378152a2af94627)] -> xpath: //h2//a[text()='Build your own computer']]
2023-02-16 11:02:815 INFO  BuildYourOwnComputerPage :142 - Clicking on Add to Cart Button: [[ChromeDriver: chrome on WINDOWS (6f1e5dea0604c5953378152a2af94627)] -> xpath: //button[@id='add-to-cart-button-1']]
2023-02-16 11:02:478 INFO  BuildYourOwnComputerPage :148 - Getting text from: [[ChromeDriver: chrome on WINDOWS (6f1e5dea0604c5953378152a2af94627)] -> xpath: //p[@class='content']]
